[2025-06-28 17:39:12] Starting networks maintenance - Mode: quick
[2025-06-28 17:39:12] INFO: Using Python 3.12
[2025-06-28 17:39:12] INFO: Installing Python dependencies...
[2025-06-28 17:39:14] SUCCESS: Dependencies installed successfully
[2025-06-28 17:39:14] INFO: Running quick maintenance (existing streams only)...
[2025-06-28 17:39:14] INFO: Created backup: Networks.txt.backup.20250628_173914
[2025-06-28 17:40:08] SUCCESS: Maintenance completed successfully
[2025-06-28 17:40:08] INFO: Current live streams: 18
[2025-06-28 17:40:08] Networks maintenance completed - Mode: quick
[2025-06-28 17:56:53] Starting networks maintenance - Mode: quick
[2025-06-28 17:56:53] INFO: Using Python 3.12
[2025-06-28 17:56:53] INFO: Installing Python dependencies...
[2025-06-28 17:56:54] SUCCESS: Dependencies installed successfully
[2025-06-28 17:56:54] INFO: Running quick maintenance (existing streams only)...
[2025-06-28 17:56:54] INFO: Created backup: Networks.txt.backup.20250628_175654
[2025-06-28 17:58:10] SUCCESS: Maintenance completed successfully
[2025-06-28 17:58:10] INFO: Current live streams: 23
[2025-06-28 17:58:10] Networks maintenance completed - Mode: quick
[2025-06-28 18:05:22] Starting networks maintenance - Mode: quick
[2025-06-28 18:05:22] INFO: Using Python 3.12
[2025-06-28 18:05:22] INFO: Installing Python dependencies...
[2025-06-28 18:05:22] SUCCESS: Dependencies installed successfully
[2025-06-28 18:05:22] INFO: Running quick maintenance (existing streams only)...
[2025-06-28 18:05:22] INFO: Created backup: Networks.txt.backup.20250628_180522
[2025-06-28 18:06:32] SUCCESS: Maintenance completed successfully
[2025-06-28 18:06:32] INFO: Current live streams: 23
[2025-06-28 18:06:32] Networks maintenance completed - Mode: quick
[2025-06-28 18:29:21] Starting networks maintenance - Mode: refresh
[2025-06-28 18:29:21] INFO: Using Python 3.10
[2025-06-28 18:29:21] INFO: Installing Python dependencies...
[2025-06-28 18:29:24] SUCCESS: Dependencies installed successfully
[2025-06-28 18:29:24] INFO: Running full refresh from network_list.txt (rebuilding Networks.txt)...
[2025-06-28 18:29:24] INFO: Created backup: Networks.txt.backup.20250628_182924
[2025-06-28 18:40:08] SUCCESS: Maintenance completed successfully
[2025-06-28 18:40:08] INFO: Current live streams: 183
[2025-06-28 18:40:08] Networks maintenance completed - Mode: refresh
[2025-06-28 19:22:55] Starting networks maintenance - Mode: quick
[2025-06-28 19:22:55] INFO: Using Python 3.12
[2025-06-28 19:22:55] INFO: Installing Python dependencies...
[2025-06-28 19:22:55] SUCCESS: Dependencies installed successfully
[2025-06-28 19:22:55] INFO: Running quick maintenance (existing streams only)...
[2025-06-28 19:22:55] INFO: Created backup: Networks.txt.backup.20250628_192255
[2025-06-28 19:24:01] SUCCESS: Maintenance completed successfully
[2025-06-28 19:24:01] INFO: Current live streams: 22
[2025-06-28 19:24:01] Networks maintenance completed - Mode: quick
[2025-06-28 19:25:51] Starting networks maintenance - Mode: quick
[2025-06-28 19:25:51] INFO: Using Python 3.12
[2025-06-28 19:25:51] INFO: Installing Python dependencies...
[2025-06-28 19:25:52] SUCCESS: Dependencies installed successfully
[2025-06-28 19:25:52] INFO: Running quick maintenance (existing streams only)...
[2025-06-28 19:25:52] INFO: Created backup: Networks.txt.backup.20250628_192552
[2025-06-28 19:26:59] SUCCESS: Maintenance completed successfully
[2025-06-28 19:26:59] INFO: Current live streams: 22
[2025-06-28 19:26:59] Networks maintenance completed - Mode: quick
[2025-06-28 19:27:05] Starting networks maintenance - Mode: refresh
[2025-06-28 19:27:05] INFO: Using Python 3.12
[2025-06-28 19:27:05] INFO: Installing Python dependencies...
[2025-06-28 19:27:06] SUCCESS: Dependencies installed successfully
[2025-06-28 19:27:06] INFO: Running full refresh from network_list.txt (rebuilding Networks.txt)...
[2025-06-28 19:27:06] INFO: Created backup: Networks.txt.backup.20250628_192706
[2025-06-28 19:56:17] SUCCESS: Maintenance completed successfully
[2025-06-28 19:56:17] INFO: Current live streams: 243
[2025-06-28 19:56:17] Networks maintenance completed - Mode: refresh
